<?xml version="1.0" encoding="UTF-8"?>
<robot generator="Robot 7.4.1 (Python 3.13.5 on win32)" generated="2026-02-06T08:45:30.973332" rpa="false" schemaversion="5">
<suite id="s1" name="Robot Framework test" source="C:\Users\KardosLevente\Documents\GitHub\Robot_Framework_test">
<suite id="s1-s1" name="SauceDemoLogin" source="C:\Users\KardosLevente\Documents\GitHub\Robot_Framework_test\SauceDemoLogin.robot">
<test id="s1-s1-t1" name="Login with standard user" line="5">
<kw name="Open Browser" owner="SeleniumLibrary">
<msg time="2026-02-06T08:45:31.128062" level="INFO">Opening browser 'firefox' to base url 'https://www.saucedemo.com/'.</msg>
<arg>https://www.saucedemo.com/</arg>
<arg>firefox</arg>
<doc>Opens a new browser instance to the optional ``url``.</doc>
<status status="PASS" start="2026-02-06T08:45:31.127760" elapsed="5.600332"/>
</kw>
<kw name="Input Text" owner="SeleniumLibrary">
<msg time="2026-02-06T08:45:36.728843" level="INFO">Typing text 'standard_user' into text field 'id=user-name'.</msg>
<arg>id=user-name</arg>
<arg>standard_user</arg>
<doc>Types the given ``text`` into the text field identified by ``locator``.</doc>
<status status="PASS" start="2026-02-06T08:45:36.728449" elapsed="0.041081"/>
</kw>
<kw name="Sleep" owner="BuiltIn">
<msg time="2026-02-06T08:45:37.770466" level="INFO">Slept 1 second.</msg>
<arg>1s</arg>
<doc>Pauses the test executed for the given time.</doc>
<status status="PASS" start="2026-02-06T08:45:36.769893" elapsed="1.000938"/>
</kw>
<kw name="Input Text" owner="SeleniumLibrary">
<msg time="2026-02-06T08:45:37.771727" level="INFO">Typing text 'secret_sauce' into text field 'id=password'.</msg>
<arg>id=password</arg>
<arg>secret_sauce</arg>
<doc>Types the given ``text`` into the text field identified by ``locator``.</doc>
<status status="PASS" start="2026-02-06T08:45:37.771288" elapsed="0.017018"/>
</kw>
<kw name="Sleep" owner="BuiltIn">
<msg time="2026-02-06T08:45:38.789286" level="INFO">Slept 1 second.</msg>
<arg>1s</arg>
<doc>Pauses the test executed for the given time.</doc>
<status status="PASS" start="2026-02-06T08:45:37.788570" elapsed="1.001914"/>
</kw>
<kw name="Click Button" owner="SeleniumLibrary">
<msg time="2026-02-06T08:45:38.793431" level="INFO">Clicking button 'id=login-button'.</msg>
<arg>id=login-button</arg>
<doc>Clicks the button identified by ``locator``.</doc>
<status status="PASS" start="2026-02-06T08:45:38.792063" elapsed="0.089670"/>
</kw>
<kw name="Sleep" owner="BuiltIn">
<msg time="2026-02-06T08:45:39.882929" level="INFO">Slept 1 second.</msg>
<arg>1s</arg>
<doc>Pauses the test executed for the given time.</doc>
<status status="PASS" start="2026-02-06T08:45:38.882027" elapsed="1.001739"/>
</kw>
<kw name="Close Browser" owner="SeleniumLibrary">
<doc>Closes the current browser.</doc>
<status status="PASS" start="2026-02-06T08:45:39.885229" elapsed="2.653072"/>
</kw>
<status status="PASS" start="2026-02-06T08:45:31.125494" elapsed="11.413498"/>
</test>
<status status="PASS" start="2026-02-06T08:45:31.008510" elapsed="11.534372"/>
</suite>
<status status="PASS" start="2026-02-06T08:45:30.976788" elapsed="11.568598"/>
</suite>
<statistics>
<total>
<stat pass="1" fail="0" skip="0">All Tests</stat>
</total>
<tag>
</tag>
<suite>
<stat name="Robot Framework test" id="s1" pass="1" fail="0" skip="0">Robot Framework test</stat>
<stat name="SauceDemoLogin" id="s1-s1" pass="1" fail="0" skip="0">Robot Framework test.SauceDemoLogin</stat>
</suite>
</statistics>
<errors>
</errors>
</robot>
