<?xml version="1.0" encoding="UTF-8"?>
<robot generator="Robot 7.4.1 (Python 3.13.5 on win32)" generated="2026-03-06T09:27:21.982701" rpa="false" schemaversion="5">
<suite id="s1" name="Robot Framework test" source="C:\Users\KardosLevente\Documents\GitHub\Robot_Framework_test">
<suite id="s1-s1" name="CheckoutValidation" source="C:\Users\KardosLevente\Documents\GitHub\Robot_Framework_test\CheckoutValidation.robot">
<test id="s1-s1-t1" name="Érvénytelen adatok kezelése - speciális karakterek" line="48">
<kw name="Login with standard user" owner="LoginKeywords">
<kw name="Open Browser" owner="Selenium2Library">
<msg time="2026-03-06T09:27:22.160488" level="INFO">Opening browser 'firefox' to base url 'https://www.saucedemo.com/'.</msg>
<arg>https://www.saucedemo.com/</arg>
<arg>firefox</arg>
<doc>Opens a new browser instance to the optional ``url``.</doc>
<status status="PASS" start="2026-03-06T09:27:22.160247" elapsed="5.488246"/>
</kw>
<kw name="Input Text" owner="Selenium2Library">
<msg time="2026-03-06T09:27:27.649077" level="INFO">Typing text 'standard_user' into text field 'id=user-name'.</msg>
<arg>id=user-name</arg>
<arg>standard_user</arg>
<doc>Types the given ``text`` into the text field identified by ``locator``.</doc>
<status status="PASS" start="2026-03-06T09:27:27.648712" elapsed="0.104219"/>
</kw>
<kw name="Input Password" owner="Selenium2Library">
<msg time="2026-03-06T09:27:27.753407" level="INFO">Typing password into text field 'id=password'.</msg>
<msg time="2026-03-06T09:27:27.771240" level="INFO">Temporally setting log level to: NONE</msg>
<arg>id=password</arg>
<arg>secret_sauce</arg>
<doc>Types the given password into the text field identified by ``locator``.</doc>
<status status="PASS" start="2026-03-06T09:27:27.753131" elapsed="0.032680"/>
</kw>
<kw name="Click Button" owner="Selenium2Library">
<msg time="2026-03-06T09:27:27.786230" level="INFO">Clicking button 'id=login-button'.</msg>
<arg>id=login-button</arg>
<doc>Clicks the button identified by ``locator``.</doc>
<status status="PASS" start="2026-03-06T09:27:27.785987" elapsed="0.122214"/>
</kw>
<kw name="Sleep" owner="BuiltIn">
<msg time="2026-03-06T09:27:30.909184" level="INFO">Slept 3 seconds.</msg>
<arg>3s</arg>
<doc>Pauses the test executed for the given time.</doc>
<status status="PASS" start="2026-03-06T09:27:27.908387" elapsed="3.001567"/>
</kw>
<status status="PASS" start="2026-03-06T09:27:22.159584" elapsed="8.750872"/>
</kw>
<kw name="Click Element" owner="Selenium2Library">
<msg time="2026-03-06T09:27:30.912648" level="INFO">Clicking element 'class=shopping_cart_link'.</msg>
<arg>class=shopping_cart_link</arg>
<doc>Click the element identified by ``locator``.</doc>
<status status="PASS" start="2026-03-06T09:27:30.911672" elapsed="0.080828"/>
</kw>
<kw name="Click Element" owner="Selenium2Library">
<msg time="2026-03-06T09:27:30.995010" level="INFO">Clicking element 'id=checkout'.</msg>
<arg>id=checkout</arg>
<doc>Click the element identified by ``locator``.</doc>
<status status="PASS" start="2026-03-06T09:27:30.994060" elapsed="0.065229"/>
</kw>
<kw name="Input Text" owner="Selenium2Library">
<msg time="2026-03-06T09:27:31.062055" level="INFO">Typing text 'Karoly!' into text field 'id=first-name'.</msg>
<arg>id=first-name</arg>
<arg>Karoly!</arg>
<doc>Types the given ``text`` into the text field identified by ``locator``.</doc>
<status status="PASS" start="2026-03-06T09:27:31.060598" elapsed="0.023770"/>
</kw>
<kw name="Input Text" owner="Selenium2Library">
<msg time="2026-03-06T09:27:31.084880" level="INFO">Typing text 'Kardos@' into text field 'id=last-name'.</msg>
<arg>id=last-name</arg>
<arg>Kardos@</arg>
<doc>Types the given ``text`` into the text field identified by ``locator``.</doc>
<status status="PASS" start="2026-03-06T09:27:31.084625" elapsed="0.015078"/>
</kw>
<kw name="Input Text" owner="Selenium2Library">
<msg time="2026-03-06T09:27:31.100204" level="INFO">Typing text '1234' into text field 'id=postal-code'.</msg>
<arg>id=postal-code</arg>
<arg>1234</arg>
<doc>Types the given ``text`` into the text field identified by ``locator``.</doc>
<status status="PASS" start="2026-03-06T09:27:31.099958" elapsed="0.013578"/>
</kw>
<kw name="Click Element" owner="Selenium2Library">
<msg time="2026-03-06T09:27:31.114261" level="INFO">Clicking element 'id=continue'.</msg>
<arg>id=continue</arg>
<doc>Click the element identified by ``locator``.</doc>
<status status="PASS" start="2026-03-06T09:27:31.113897" elapsed="0.062482"/>
</kw>
<kw name="Page Should Contain" owner="Selenium2Library">
<msg time="2026-03-06T09:27:31.203113" level="INFO" html="true">&lt;/td&gt;&lt;/tr&gt;&lt;tr&gt;&lt;td colspan="3"&gt;&lt;a href="selenium-screenshot-26.png"&gt;&lt;img src="selenium-screenshot-26.png" width="800px"&gt;&lt;/a&gt;</msg>
<msg time="2026-03-06T09:27:31.203365" level="FAIL">Page should have contained text 'Error: First Name contains invalid characters' but did not.</msg>
<arg>text=Error: First Name contains invalid characters</arg>
<doc>Verifies that current page contains ``text``.</doc>
<status status="FAIL" start="2026-03-06T09:27:31.176965" elapsed="0.031624">Page should have contained text 'Error: First Name contains invalid characters' but did not.</status>
</kw>
<kw name="Page Should Contain" owner="Selenium2Library">
<arg>text=Error: Last Name contains invalid characters</arg>
<doc>Verifies that current page contains ``text``.</doc>
<status status="NOT RUN" start="2026-03-06T09:27:31.208949" elapsed="0.000138"/>
</kw>
<kw name="Close Browser" owner="Selenium2Library">
<doc>Closes the current browser.</doc>
<status status="NOT RUN" start="2026-03-06T09:27:31.209319" elapsed="0.000097"/>
</kw>
<status status="FAIL" start="2026-03-06T09:27:22.157422" elapsed="9.052213">Page should have contained text 'Error: First Name contains invalid characters' but did not.</status>
</test>
<status status="FAIL" start="2026-03-06T09:27:22.015987" elapsed="9.198498"/>
</suite>
<status status="FAIL" start="2026-03-06T09:27:21.985958" elapsed="9.231014"/>
</suite>
<statistics>
<total>
<stat pass="0" fail="1" skip="0">All Tests</stat>
</total>
<tag>
</tag>
<suite>
<stat name="Robot Framework test" id="s1" pass="0" fail="1" skip="0">Robot Framework test</stat>
<stat name="CheckoutValidation" id="s1-s1" pass="0" fail="1" skip="0">Robot Framework test.CheckoutValidation</stat>
</suite>
</statistics>
<errors>
</errors>
</robot>
